# JRE version: OpenJDK Runtime Environment Temurin-17.0.6+10 (17.0.6+10) (build 17.0.6+10)
# Java VM: OpenJDK 64-Bit Server VM Temurin-17.0.6+10 (17.0.6+10, mixed mode, tiered, compressed oops, compressed class ptrs, parallel gc, windows-amd64)
GC Precious Log:
 CPUs: 2 total, 2 available
 Memory: 3916M
 Large Page Support: Disabled
 NUMA Support: Disabled
 Compressed Oops: Enabled (32-bit)
 Alignments: Space 512K, Generation 512K, Heap 2M
 Heap Min Capacity: 100M
 Heap Initial Capacity: 100M
 Heap Max Capacity: 1G
 Pre-touch: Disabled
 Parallel Workers: 2
Heap:
 PSYoungGen      total 5120K, used 4276K [0x00000000eab00000, 0x00000000eb200000, 0x0000000100000000)
  eden space 4096K, 86% used [0x00000000eab00000,0x00000000eae75220,0x00000000eaf00000)
  from space 1024K, 71% used [0x00000000eb100000,0x00000000eb1b8000,0x00000000eb200000)
  to   space 1536K, 0% used [0x00000000eaf00000,0x00000000eaf00000,0x00000000eb080000)
 ParOldGen       total 216064K, used 213659K [0x00000000c0000000, 0x00000000cd300000, 0x00000000eab00000)
  object space 216064K, 98% used [0x00000000c0000000,0x00000000cd0a6cc8,0x00000000cd300000)
 Metaspace       used 75847K, committed 77056K, reserved 1122304K
  class space    used 7745K, committed 8256K, reserved 1048576K
GC Heap History (20 events):
Event: 388.070 GC heap before
{Heap before GC invocations=643 (full 15):
 PSYoungGen      total 5120K, used 5047K [0x00000000eab00000, 0x00000000eb180000, 0x0000000100000000)
  eden space 4608K, 98% used [0x00000000eab00000,0x00000000eaf6f6c8,0x00000000eaf80000)
  from space 512K, 98% used [0x00000000eb080000,0x00000000eb0fe608,0x00000000eb100000)
  to   space 1024K, 0% used [0x00000000eaf80000,0x00000000eaf80000,0x00000000eb080000)
 ParOldGen       total 216064K, used 208877K [0x00000000c0000000, 0x00000000cd300000, 0x00000000eab00000)
  object space 216064K, 96% used [0x00000000c0000000,0x00000000ccbfb620,0x00000000cd300000)
 Metaspace       used 75152K, committed 76416K, reserved 1122304K
  class space    used 7658K, committed 8192K, reserved 1048576K
}
Event: 388.073 GC heap after
{Heap after GC invocations=643 (full 15):
 PSYoungGen      total 5632K, used 384K [0x00000000eab00000, 0x00000000eb180000, 0x0000000100000000)
  eden space 4608K, 0% used [0x00000000eab00000,0x00000000eab00000,0x00000000eaf80000)
  from space 1024K, 37% used [0x00000000eaf80000,0x00000000eafe0000,0x00000000eb080000)
  to   space 1024K, 0% used [0x00000000eb080000,0x00000000eb080000,0x00000000eb180000)
 ParOldGen       total 216064K, used 209085K [0x00000000c0000000, 0x00000000cd300000, 0x00000000eab00000)
  object space 216064K, 96% used [0x00000000c0000000,0x00000000ccc2f620,0x00000000cd300000)
 Metaspace       used 75152K, committed 76416K, reserved 1122304K
  class space    used 7658K, committed 8192K, reserved 1048576K
}
Event: 388.094 GC heap before
{Heap before GC invocations=644 (full 15):
 PSYoungGen      total 5632K, used 4992K [0x00000000eab00000, 0x00000000eb180000, 0x0000000100000000)
  eden space 4608K, 100% used [0x00000000eab00000,0x00000000eaf80000,0x00000000eaf80000)
  from space 1024K, 37% used [0x00000000eaf80000,0x00000000eafe0000,0x00000000eb080000)
  to   space 1024K, 0% used [0x00000000eb080000,0x00000000eb080000,0x00000000eb180000)
 ParOldGen       total 216064K, used 209085K [0x00000000c0000000, 0x00000000cd300000, 0x00000000eab00000)
  object space 216064K, 96% used [0x00000000c0000000,0x00000000ccc2f620,0x00000000cd300000)
 Metaspace       used 75153K, committed 76416K, reserved 1122304K
  class space    used 7658K, committed 8192K, reserved 1048576K
}
Event: 388.098 GC heap after
{Heap after GC invocations=644 (full 15):
 PSYoungGen      total 5120K, used 995K [0x00000000eab00000, 0x00000000eb280000, 0x0000000100000000)
  eden space 4096K, 0% used [0x00000000eab00000,0x00000000eab00000,0x00000000eaf00000)
  from space 1024K, 97% used [0x00000000eb080000,0x00000000eb178c50,0x00000000eb180000)
  to   space 1536K, 0% used [0x00000000eaf00000,0x00000000eaf00000,0x00000000eb080000)
 ParOldGen       total 216064K, used 209109K [0x00000000c0000000, 0x00000000cd300000, 0x00000000eab00000)
  object space 216064K, 96% used [0x00000000c0000000,0x00000000ccc35620,0x00000000cd300000)
 Metaspace       used 75153K, committed 76416K, reserved 1122304K
  class space    used 7658K, committed 8192K, reserved 1048576K
}
Event: 388.138 GC heap before
{Heap before GC invocations=645 (full 15):
 PSYoungGen      total 5120K, used 4960K [0x00000000eab00000, 0x00000000eb280000, 0x0000000100000000)
  eden space 4096K, 96% used [0x00000000eab00000,0x00000000eaedf3e8,0x00000000eaf00000)
  from space 1024K, 97% used [0x00000000eb080000,0x00000000eb178c50,0x00000000eb180000)
  to   space 1536K, 0% used [0x00000000eaf00000,0x00000000eaf00000,0x00000000eb080000)
 ParOldGen       total 216064K, used 209539K [0x00000000c0000000, 0x00000000cd300000, 0x00000000eab00000)
  object space 216064K, 96% used [0x00000000c0000000,0x00000000ccca0f70,0x00000000cd300000)
 Metaspace       used 75153K, committed 76416K, reserved 1122304K
  class space    used 7658K, committed 8192K, reserved 1048576K
}
Event: 388.143 GC heap after
{Heap after GC invocations=645 (full 15):
 PSYoungGen      total 5632K, used 347K [0x00000000eab00000, 0x00000000eb180000, 0x0000000100000000)
  eden space 4096K, 0% used [0x00000000eab00000,0x00000000eab00000,0x00000000eaf00000)
  from space 1536K, 22% used [0x00000000eaf00000,0x00000000eaf56d30,0x00000000eb080000)
  to   space 1024K, 0% used [0x00000000eb080000,0x00000000eb080000,0x00000000eb180000)
 ParOldGen       total 216064K, used 210248K [0x00000000c0000000, 0x00000000cd300000, 0x00000000eab00000)
  object space 216064K, 97% used [0x00000000c0000000,0x00000000ccd52250,0x00000000cd300000)
 Metaspace       used 75153K, committed 76416K, reserved 1122304K
  class space    used 7658K, committed 8192K, reserved 1048576K
}
Event: 388.198 GC heap before
{Heap before GC invocations=646 (full 15):
 PSYoungGen      total 5632K, used 4443K [0x00000000eab00000, 0x00000000eb180000, 0x0000000100000000)
  eden space 4096K, 99% used [0x00000000eab00000,0x00000000eaeffff8,0x00000000eaf00000)
  from space 1536K, 22% used [0x00000000eaf00000,0x00000000eaf56d30,0x00000000eb080000)
  to   space 1024K, 0% used [0x00000000eb080000,0x00000000eb080000,0x00000000eb180000)
 ParOldGen       total 216064K, used 210250K [0x00000000c0000000, 0x00000000cd300000, 0x00000000eab00000)
  object space 216064K, 97% used [0x00000000c0000000,0x00000000ccd52b70,0x00000000cd300000)
 Metaspace       used 75153K, committed 76416K, reserved 1122304K
  class space    used 7658K, committed 8192K, reserved 1048576K
}
Event: 388.203 GC heap after
{Heap after GC invocations=646 (full 15):
 PSYoungGen      total 5120K, used 544K [0x00000000eab00000, 0x00000000eb180000, 0x0000000100000000)
  eden space 4096K, 0% used [0x00000000eab00000,0x00000000eab00000,0x00000000eaf00000)
  from space 1024K, 53% used [0x00000000eb080000,0x00000000eb108000,0x00000000eb180000)
  to   space 1024K, 0% used [0x00000000eaf80000,0x00000000eaf80000,0x00000000eb080000)
 ParOldGen       total 216064K, used 210524K [0x00000000c0000000, 0x00000000cd300000, 0x00000000eab00000)
  object space 216064K, 97% used [0x00000000c0000000,0x00000000ccd972f8,0x00000000cd300000)
 Metaspace       used 75153K, committed 76416K, reserved 1122304K
  class space    used 7658K, committed 8192K, reserved 1048576K
}
Event: 388.255 GC heap before
{Heap before GC invocations=647 (full 15):
 PSYoungGen      total 5120K, used 4640K [0x00000000eab00000, 0x00000000eb180000, 0x0000000100000000)
  eden space 4096K, 100% used [0x00000000eab00000,0x00000000eaf00000,0x00000000eaf00000)
  from space 1024K, 53% used [0x00000000eb080000,0x00000000eb108000,0x00000000eb180000)
  to   space 1024K, 0% used [0x00000000eaf80000,0x00000000eaf80000,0x00000000eb080000)
 ParOldGen       total 216064K, used 210527K [0x00000000c0000000, 0x00000000cd300000, 0x00000000eab00000)
  object space 216064K, 97% used [0x00000000c0000000,0x00000000ccd97c58,0x00000000cd300000)
 Metaspace       used 75155K, committed 76416K, reserved 1122304K
  class space    used 7658K, committed 8192K, reserved 1048576K
}
Event: 388.260 GC heap after
{Heap after GC invocations=647 (full 15):
 PSYoungGen      total 5120K, used 352K [0x00000000eab00000, 0x00000000eb100000, 0x0000000100000000)
  eden space 4096K, 0% used [0x00000000eab00000,0x00000000eab00000,0x00000000eaf00000)
  from space 1024K, 34% used [0x00000000eaf80000,0x00000000eafd8000,0x00000000eb080000)
  to   space 512K, 0% used [0x00000000eb080000,0x00000000eb080000,0x00000000eb100000)
 ParOldGen       total 216064K, used 211015K [0x00000000c0000000, 0x00000000cd300000, 0x00000000eab00000)
  object space 216064K, 97% used [0x00000000c0000000,0x00000000cce11c58,0x00000000cd300000)
 Metaspace       used 75155K, committed 76416K, reserved 1122304K
  class space    used 7658K, committed 8192K, reserved 1048576K
}
Event: 388.656 GC heap before
{Heap before GC invocations=648 (full 15):
 PSYoungGen      total 5120K, used 4448K [0x00000000eab00000, 0x00000000eb100000, 0x0000000100000000)
  eden space 4096K, 100% used [0x00000000eab00000,0x00000000eaf00000,0x00000000eaf00000)
  from space 1024K, 34% used [0x00000000eaf80000,0x00000000eafd8000,0x00000000eb080000)
  to   space 512K, 0% used [0x00000000eb080000,0x00000000eb080000,0x00000000eb100000)
 ParOldGen       total 216064K, used 211015K [0x00000000c0000000, 0x00000000cd300000, 0x00000000eab00000)
  object space 216064K, 97% used [0x00000000c0000000,0x00000000cce11c58,0x00000000cd300000)
 Metaspace       used 75384K, committed 76672K, reserved 1122304K
  class space    used 7710K, committed 8256K, reserved 1048576K
}
Event: 388.660 GC heap after
{Heap after GC invocations=648 (full 15):
 PSYoungGen      total 4608K, used 400K [0x00000000eab00000, 0x00000000eb100000, 0x0000000100000000)
  eden space 4096K, 0% used [0x00000000eab00000,0x00000000eab00000,0x00000000eaf00000)
  from space 512K, 78% used [0x00000000eb080000,0x00000000eb0e4010,0x00000000eb100000)
  to   space 512K, 0% used [0x00000000eb000000,0x00000000eb000000,0x00000000eb080000)
 ParOldGen       total 216064K, used 211319K [0x00000000c0000000, 0x00000000cd300000, 0x00000000eab00000)
  object space 216064K, 97% used [0x00000000c0000000,0x00000000cce5dc58,0x00000000cd300000)
 Metaspace       used 75384K, committed 76672K, reserved 1122304K
  class space    used 7710K, committed 8256K, reserved 1048576K
}
Event: 388.918 GC heap before
{Heap before GC invocations=649 (full 15):
 PSYoungGen      total 4608K, used 4496K [0x00000000eab00000, 0x00000000eb100000, 0x0000000100000000)
  eden space 4096K, 100% used [0x00000000eab00000,0x00000000eaf00000,0x00000000eaf00000)
  from space 512K, 78% used [0x00000000eb080000,0x00000000eb0e4010,0x00000000eb100000)
  to   space 512K, 0% used [0x00000000eb000000,0x00000000eb000000,0x00000000eb080000)
 ParOldGen       total 216064K, used 211319K [0x00000000c0000000, 0x00000000cd300000, 0x00000000eab00000)
  object space 216064K, 97% used [0x00000000c0000000,0x00000000cce5dc58,0x00000000cd300000)
 Metaspace       used 75627K, committed 76928K, reserved 1122304K
  class space    used 7727K, committed 8256K, reserved 1048576K
}
Event: 388.924 GC heap after
{Heap after GC invocations=649 (full 15):
 PSYoungGen      total 4608K, used 512K [0x00000000eab00000, 0x00000000eb100000, 0x0000000100000000)
  eden space 4096K, 0% used [0x00000000eab00000,0x00000000eab00000,0x00000000eaf00000)
  from space 512K, 100% used [0x00000000eb000000,0x00000000eb080000,0x00000000eb080000)
  to   space 512K, 0% used [0x00000000eb080000,0x00000000eb080000,0x00000000eb100000)
 ParOldGen       total 216064K, used 211575K [0x00000000c0000000, 0x00000000cd300000, 0x00000000eab00000)
  object space 216064K, 97% used [0x00000000c0000000,0x00000000cce9dc58,0x00000000cd300000)
 Metaspace       used 75627K, committed 76928K, reserved 1122304K
  class space    used 7727K, committed 8256K, reserved 1048576K
}
Event: 389.106 GC heap before
{Heap before GC invocations=650 (full 15):
 PSYoungGen      total 4608K, used 4608K [0x00000000eab00000, 0x00000000eb100000, 0x0000000100000000)
  eden space 4096K, 100% used [0x00000000eab00000,0x00000000eaf00000,0x00000000eaf00000)
  from space 512K, 100% used [0x00000000eb000000,0x00000000eb080000,0x00000000eb080000)
  to   space 512K, 0% used [0x00000000eb080000,0x00000000eb080000,0x00000000eb100000)
 ParOldGen       total 216064K, used 211575K [0x00000000c0000000, 0x00000000cd300000, 0x00000000eab00000)
  object space 216064K, 97% used [0x00000000c0000000,0x00000000cce9dc58,0x00000000cd300000)
 Metaspace       used 75732K, committed 76992K, reserved 1122304K
  class space    used 7740K, committed 8256K, reserved 1048576K
}
Event: 389.115 GC heap after
{Heap after GC invocations=650 (full 15):
 PSYoungGen      total 4608K, used 416K [0x00000000eab00000, 0x00000000eb100000, 0x0000000100000000)
  eden space 4096K, 0% used [0x00000000eab00000,0x00000000eab00000,0x00000000eaf00000)
  from space 512K, 81% used [0x00000000eb080000,0x00000000eb0e8000,0x00000000eb100000)
  to   space 1024K, 0% used [0x00000000eaf00000,0x00000000eaf00000,0x00000000eb000000)
 ParOldGen       total 216064K, used 212087K [0x00000000c0000000, 0x00000000cd300000, 0x00000000eab00000)
  object space 216064K, 98% used [0x00000000c0000000,0x00000000ccf1dcb8,0x00000000cd300000)
 Metaspace       used 75732K, committed 76992K, reserved 1122304K
  class space    used 7740K, committed 8256K, reserved 1048576K
}
Event: 389.155 GC heap before
{Heap before GC invocations=651 (full 15):
 PSYoungGen      total 4608K, used 4512K [0x00000000eab00000, 0x00000000eb100000, 0x0000000100000000)
  eden space 4096K, 100% used [0x00000000eab00000,0x00000000eaf00000,0x00000000eaf00000)
  from space 512K, 81% used [0x00000000eb080000,0x00000000eb0e8000,0x00000000eb100000)
  to   space 1024K, 0% used [0x00000000eaf00000,0x00000000eaf00000,0x00000000eb000000)
 ParOldGen       total 216064K, used 212087K [0x00000000c0000000, 0x00000000cd300000, 0x00000000eab00000)
  object space 216064K, 98% used [0x00000000c0000000,0x00000000ccf1dcb8,0x00000000cd300000)
 Metaspace       used 75746K, committed 76992K, reserved 1122304K
  class space    used 7742K, committed 8256K, reserved 1048576K
}
Event: 389.163 GC heap after
{Heap after GC invocations=651 (full 15):
 PSYoungGen      total 5120K, used 1024K [0x00000000eab00000, 0x00000000eb300000, 0x0000000100000000)
  eden space 4096K, 0% used [0x00000000eab00000,0x00000000eab00000,0x00000000eaf00000)
  from space 1024K, 100% used [0x00000000eaf00000,0x00000000eb000000,0x00000000eb000000)
  to   space 2048K, 0% used [0x00000000eb100000,0x00000000eb100000,0x00000000eb300000)
 ParOldGen       total 216064K, used 212619K [0x00000000c0000000, 0x00000000cd300000, 0x00000000eab00000)
  object space 216064K, 98% used [0x00000000c0000000,0x00000000ccfa2cc8,0x00000000cd300000)
 Metaspace       used 75746K, committed 76992K, reserved 1122304K
  class space    used 7742K, committed 8256K, reserved 1048576K
}
Event: 389.388 GC heap before
{Heap before GC invocations=652 (full 15):
 PSYoungGen      total 5120K, used 5120K [0x00000000eab00000, 0x00000000eb300000, 0x0000000100000000)
  eden space 4096K, 100% used [0x00000000eab00000,0x00000000eaf00000,0x00000000eaf00000)
  from space 1024K, 100% used [0x00000000eaf00000,0x00000000eb000000,0x00000000eb000000)
  to   space 2048K, 0% used [0x00000000eb100000,0x00000000eb100000,0x00000000eb300000)
 ParOldGen       total 216064K, used 212619K [0x00000000c0000000, 0x00000000cd300000, 0x00000000eab00000)
  object space 216064K, 98% used [0x00000000c0000000,0x00000000ccfa2cc8,0x00000000cd300000)
 Metaspace       used 75763K, committed 76992K, reserved 1122304K
  class space    used 7742K, committed 8256K, reserved 1048576K
}
Event: 389.396 GC heap after
{Heap after GC invocations=652 (full 15):
 PSYoungGen      total 5120K, used 736K [0x00000000eab00000, 0x00000000eb200000, 0x0000000100000000)
  eden space 4096K, 0% used [0x00000000eab00000,0x00000000eab00000,0x00000000eaf00000)
  from space 1024K, 71% used [0x00000000eb100000,0x00000000eb1b8000,0x00000000eb200000)
  to   space 1536K, 0% used [0x00000000eaf00000,0x00000000eaf00000,0x00000000eb080000)
 ParOldGen       total 216064K, used 213659K [0x00000000c0000000, 0x00000000cd300000, 0x00000000eab00000)
  object space 216064K, 98% used [0x00000000c0000000,0x00000000cd0a6cc8,0x00000000cd300000)
 Metaspace       used 75763K, committed 76992K, reserved 1122304K
  class space    used 7742K, committed 8256K, reserved 1048576K
}

